<?xml version="1.0" encoding="UTF-8"?>
<!-- Generated by org.testng.reporters.JUnitReportReporter -->
<testsuite hostname="Balaji-Ramasamy" name="tests.LoginTest" tests="1" failures="0" timestamp="6 Apr 2022 23:31:44 GMT" time="0.057" errors="0">
  <testcase name="loginAsBankManager" time="0.057" classname="tests.LoginTest"/>
</testsuite> <!-- tests.LoginTest -->
