<?xml version="1.0" encoding="UTF-8"?>
<!-- Generated by org.testng.reporters.JUnitReportReporter -->
<testsuite hostname="Balaji-Ramasamy" failures="0" tests="1" name="tests.AddCustomerTest" time="7.884" errors="0" timestamp="2022-04-07T18:37:15 IST" skipped="0">
  <testcase classname="tests.AddCustomerTest" name="addCustomerByBankManagerTest" time="7.884"/>
  <system-out/>
</testsuite> <!-- tests.AddCustomerTest -->
