<?xml version="1.0" encoding="UTF-8"?>
<!-- Generated by org.testng.reporters.JUnitReportReporter -->
<testsuite hostname="Balaji-Ramasamy" failures="0" tests="1" name="tests.LoginTest" time="5.567" errors="0" timestamp="2022-04-07T18:37:15 IST" skipped="0">
  <testcase classname="tests.LoginTest" name="loginAsBankManager" time="5.567"/>
  <system-out/>
</testsuite> <!-- tests.LoginTest -->
